src/小手机独立版/android-apk/app/build/intermediates/manifest_merge_blame_file/debug/processDebugMainManifest/manifest-merger-blame-debug-report.txt
1<?xml version="1.0" encoding="utf-8"?>
2<manifest xmlns:android="http://schemas.android.com/apk/res/android"
3    package="com.sanmingyue.xiaoshouji"
4    android:versionCode="1"
5    android:versionName="0.0.1" >
6
7    <uses-sdk
8        android:minSdkVersion="23"
9        android:targetSdkVersion="35" />
10
11    <uses-permission android:name="android.permission.INTERNET" />
11-->src\main\AndroidManifest.xml:2:5-67
11-->src\main\AndroidManifest.xml:2:22-64
12    <uses-permission android:name="android.permission.ACCESS_NETWORK_STATE" />
12-->src\main\AndroidManifest.xml:3:5-79
12-->src\main\AndroidManifest.xml:3:22-76
13
14    <application
14-->src\main\AndroidManifest.xml:5:5-20:19
15        android:allowBackup="true"
15-->src\main\AndroidManifest.xml:6:9-35
16        android:debuggable="true"
17        android:extractNativeLibs="false"
18        android:label="小手机"
18-->src\main\AndroidManifest.xml:8:9-28
19        android:resizeableActivity="true"
19-->src\main\AndroidManifest.xml:10:9-42
20        android:theme="@style/AppTheme"
20-->src\main\AndroidManifest.xml:9:9-40
21        android:usesCleartextTraffic="true" >
21-->src\main\AndroidManifest.xml:7:9-44
22        <activity
22-->src\main\AndroidManifest.xml:11:9-19:20
23            android:name="com.sanmingyue.xiaoshouji.MainActivity"
23-->src\main\AndroidManifest.xml:12:13-41
24            android:configChanges="keyboard|keyboardHidden|orientation|screenSize"
24-->src\main\AndroidManifest.xml:13:13-83
25            android:exported="true" >
25-->src\main\AndroidManifest.xml:14:13-36
26            <intent-filter>
26-->src\main\AndroidManifest.xml:15:13-18:29
27                <action android:name="android.intent.action.MAIN" />
27-->src\main\AndroidManifest.xml:16:17-69
27-->src\main\AndroidManifest.xml:16:25-66
28
29                <category android:name="android.intent.category.LAUNCHER" />
29-->src\main\AndroidManifest.xml:17:17-77
29-->src\main\AndroidManifest.xml:17:27-74
30            </intent-filter>
31        </activity>
32    </application>
33
34</manifest>